<?xml version="1.0" encoding="UTF-8"?>
<!-- Generated by org.testng.reporters.JUnitReportReporter -->
<testsuite hostname="BTT-MELIHABA" failures="0" tests="1" name="mfa.smartremote_tc1" time="26.269" errors="0" timestamp="2023-04-18T11:02:08 TRT" skipped="0">
  <testcase classname="mfa.smartremote_tc1" name="FillForm" time="26.269"/>
  <system-out/>
</testsuite> <!-- mfa.smartremote_tc1 -->
