<?xml version="1.0" encoding="UTF-8"?>
<!-- Generated by org.testng.reporters.JUnitReportReporter -->
<testsuite hostname="BTT-MELIHABA" failures="0" tests="1" name="mfa.eCommerce_tc_2" time="41.285" errors="0" timestamp="2023-04-12T16:54:10 TRT" skipped="0">
  <testcase classname="mfa.eCommerce_tc_2" name="FillForm" time="41.285"/>
  <system-out/>
</testsuite> <!-- mfa.eCommerce_tc_2 -->
