<?xml version="1.0" encoding="UTF-8"?>
<!-- Generated by org.testng.reporters.JUnitReportReporter -->
<testsuite hostname="BTT-MELIHABA" failures="0" tests="1" name="mfa.SwipeDemo" time="4.957" errors="0" timestamp="2023-04-11T16:21:18 TRT" skipped="0">
  <testcase classname="mfa.SwipeDemo" name="SwipeDemoTest" time="4.957"/>
  <system-out/>
</testsuite> <!-- mfa.SwipeDemo -->
