<?xml version="1.0" encoding="UTF-8"?>
<!-- Generated by org.testng.reporters.JUnitReportReporter -->
<testsuite hostname="BTT-MELIHABA" failures="0" tests="1" name="mfa.MobileBrowserTest" time="11.084" errors="0" timestamp="2023-04-13T15:27:02 TRT" skipped="0">
  <testcase classname="mfa.MobileBrowserTest" name="browserTest" time="11.084"/>
  <system-out/>
</testsuite> <!-- mfa.MobileBrowserTest -->
