<?xml version="1.0" encoding="UTF-8"?>
<!-- Generated by org.testng.reporters.JUnitReportReporter -->
<testsuite hostname="BTT-MELIHABA" failures="0" tests="1" name="mfa.smartremote_tc2" time="38.261" errors="0" timestamp="2023-04-18T10:55:00 TRT" skipped="0">
  <testcase classname="mfa.smartremote_tc2" name="FillForm" time="38.261"/>
  <system-out/>
</testsuite> <!-- mfa.smartremote_tc2 -->
