<?xml version="1.0" encoding="UTF-8"?>
<!-- Generated by org.testng.reporters.JUnitReportReporter -->
<testsuite hostname="BTT-MELIHABA" failures="0" tests="1" name="mfa.smartremote_tc5_seekbar" time="17.634" errors="0" timestamp="2023-04-14T15:13:03 TRT" skipped="0">
  <testcase classname="mfa.smartremote_tc5_seekbar" name="FillForm" time="17.634"/>
  <system-out/>
</testsuite> <!-- mfa.smartremote_tc5_seekbar -->
