<?xml version="1.0" encoding="UTF-8"?>
<!-- Generated by org.testng.reporters.JUnitReportReporter -->
<testsuite hostname="BTT-MELIHABA" failures="0" tests="1" name="mfa.eCommerce_tc_3" time="68.696" errors="0" timestamp="2023-04-12T16:56:08 TRT" skipped="0">
  <testcase classname="mfa.eCommerce_tc_3" name="FillForm" time="68.696"/>
  <system-out/>
</testsuite> <!-- mfa.eCommerce_tc_3 -->
