<?xml version="1.0" encoding="UTF-8"?>
<!-- Generated by org.testng.reporters.JUnitReportReporter -->
<testsuite hostname="BTT-MELIHABA" failures="0" tests="1" name="mfa.AppiumBasics" time="4.165" errors="0" timestamp="2023-03-27T17:14:50 TRT" skipped="0">
  <testcase classname="mfa.AppiumBasics" name="AppiumTest" time="4.165"/>
  <system-out/>
</testsuite> <!-- mfa.AppiumBasics -->
