<?xml version="1.0" encoding="UTF-8"?>
<!-- Generated by org.testng.reporters.JUnitReportReporter -->
<testsuite hostname="BTT-MELIHABA" failures="0" tests="1" name="mfa.eCommerce_tc_1" time="71.570" errors="0" timestamp="2023-04-12T16:53:03 TRT" skipped="0">
  <testcase classname="mfa.eCommerce_tc_1" name="FillForm" time="71.570"/>
  <system-out/>
</testsuite> <!-- mfa.eCommerce_tc_1 -->
