<?xml version="1.0" encoding="UTF-8"?>
<!-- Generated by org.testng.reporters.JUnitReportReporter -->
<testsuite hostname="BTT-MELIHABA" failures="0" tests="1" name="mfa.MiscellaneousAppiumActions" time="10.102" errors="0" timestamp="2023-03-30T11:17:10 TRT" skipped="0">
  <testcase classname="mfa.MiscellaneousAppiumActions" name="Miscellaneous" time="10.102"/>
  <system-out/>
</testsuite> <!-- mfa.MiscellaneousAppiumActions -->
