<?xml version="1.0" encoding="UTF-8"?>
<!-- Generated by org.testng.reporters.JUnitReportReporter -->
<testsuite hostname="BTT-MELIHABA" failures="0" tests="1" name="mfa.WifiNameSetDemo" time="4.545" errors="0" timestamp="2023-03-29T14:30:24 TRT" skipped="0">
  <testcase classname="mfa.WifiNameSetDemo" name="WifiNameSettings" time="4.545"/>
  <system-out/>
</testsuite> <!-- mfa.WifiNameSetDemo -->
