<?xml version="1.0" encoding="UTF-8"?>
<!-- Generated by org.testng.reporters.JUnitReportReporter -->
<testsuite hostname="BTT-MELIHABA" failures="0" tests="1" name="mfa.LongClickGesture" time="7.560" errors="0" timestamp="2023-03-28T09:47:08 TRT" skipped="0">
  <testcase classname="mfa.LongClickGesture" name="LongPressGesture" time="7.560"/>
  <system-out/>
</testsuite> <!-- mfa.LongClickGesture -->
